Array
(
    [route] => extension/module/stock_emag_cel/emag
    [order_id] => 2019267965
)

Array
(
    [route] => extension/module/stock_emag_cel/emag
    [order_id] => 2019267965
)

Array
(
    [route] => extension/module/stock_emag_cel/emag
    [order_id] => 2019267965
)

Array
(
    [route] => extension/module/stock_emag_cel/emag
    [order_id] => {order_id}113735700
)

Array
(
    [route] => extension/module/stock_emag_cel/emag
    [order_id] => {order_id}113735807
)

Array
(
    [route] => extension/module/stock_emag_cel/emag
    [order_id] => {order_id}113736372
)

Array
(
    [route] => extension/module/stock_emag_cel/emag
    [order_id] => {order_id}113737189
)

Array
(
    [route] => extension/module/stock_emag_cel/emag
    [order_id] => {order_id}113767827
)

Array
(
    [route] => extension/module/stock_emag_cel/emag
    [order_id] => {order_id}113739554
)

Array
(
    [route] => extension/module/stock_emag_cel/emag
    [order_id] => {order_id}2019295302
)

Array
(
    [route] => extension/module/stock_emag_cel/emag
    [order_id] => {order_id}113768177
)

Array
(
    [route] => extension/module/stock_emag_cel/emag
    [order_id] => {order_id}113741560
)

Array
(
    [route] => extension/module/stock_emag_cel/emag
    [order_id] => {order_id}113661966
)

Array
(
    [route] => extension/module/stock_emag_cel/emag
    [order_id] => {order_id}113744356
)

Array
(
    [route] => extension/module/stock_emag_cel/emag
    [order_id] => {order_id}112829875
)

Array
(
    [route] => extension/module/stock_emag_cel/emag
    [order_id] => {order_id}113745949
)

Array
(
    [route] => extension/module/stock_emag_cel/emag
    [order_id] => {order_id}112829875
)

Array
(
    [route] => extension/module/stock_emag_cel/emag
    [order_id] => {order_id}112829875
)

Array
(
    [route] => extension/module/stock_emag_cel/emag
    [order_id] => {order_id}112829875
)

Array
(
    [route] => extension/module/stock_emag_cel/emag
    [order_id] => {order_id}113749454
)

Array
(
    [route] => extension/module/stock_emag_cel/emag
    [order_id] => {order_id}113770008
)

Array
(
    [route] => extension/module/stock_emag_cel/emag
    [order_id] => {order_id}113750735
)

Array
(
    [route] => extension/module/stock_emag_cel/emag
    [order_id] => {order_id}113752596
)

Array
(
    [route] => extension/module/stock_emag_cel/emag
    [order_id] => {order_id}113754603
)

Array
(
    [route] => extension/module/stock_emag_cel/emag
    [order_id] => {order_id}113754643
)

Array
(
    [route] => extension/module/stock_emag_cel/emag
    [order_id] => {order_id}113770684
)

Array
(
    [route] => extension/module/stock_emag_cel/emag
    [order_id] => {order_id}113754979
)

Array
(
    [route] => extension/module/stock_emag_cel/emag
    [order_id] => {order_id}113759000
)

Array
(
    [route] => extension/module/stock_emag_cel/emag
    [order_id] => {order_id}113771131
)

Array
(
    [route] => extension/module/stock_emag_cel/emag
    [order_id] => {order_id}113763212
)

